J:\grphics project\Igraphics readymade for VS2008_2010\Igraphics\Debug\cl.command.1.tlog
J:\grphics project\Igraphics readymade for VS2008_2010\Igraphics\Debug\CL.read.1.tlog
J:\grphics project\Igraphics readymade for VS2008_2010\Igraphics\Debug\CL.write.1.tlog
J:\GRPHICS PROJECT\IGRAPHICS READYMADE FOR VS2008_2010\IGRAPHICS\DEBUG\IGRAPHICS.EXE
J:\GRPHICS PROJECT\IGRAPHICS READYMADE FOR VS2008_2010\IGRAPHICS\DEBUG\IGRAPHICS.EXE.EMBED.MANIFEST
J:\GRPHICS PROJECT\IGRAPHICS READYMADE FOR VS2008_2010\IGRAPHICS\DEBUG\IGRAPHICS.EXE.EMBED.MANIFEST.RES
J:\GRPHICS PROJECT\IGRAPHICS READYMADE FOR VS2008_2010\IGRAPHICS\DEBUG\IGRAPHICS.EXE.INTERMEDIATE.MANIFEST
J:\GRPHICS PROJECT\IGRAPHICS READYMADE FOR VS2008_2010\IGRAPHICS\DEBUG\IGRAPHICS.ILK
J:\GRPHICS PROJECT\IGRAPHICS READYMADE FOR VS2008_2010\IGRAPHICS\DEBUG\IGRAPHICS.PDB
J:\grphics project\Igraphics readymade for VS2008_2010\Igraphics\Debug\Igraphics.vcxprojResolveAssemblyReference.cache
J:\grphics project\Igraphics readymade for VS2008_2010\Igraphics\Debug\Igraphics.write.1.tlog
J:\grphics project\Igraphics readymade for VS2008_2010\Igraphics\Debug\Igraphics_manifest.rc
J:\grphics project\Igraphics readymade for VS2008_2010\Igraphics\Debug\link.5324.read.1.tlog
J:\grphics project\Igraphics readymade for VS2008_2010\Igraphics\Debug\link.5324.write.1.tlog
J:\grphics project\Igraphics readymade for VS2008_2010\Igraphics\Debug\link.5324-cvtres.read.1.tlog
J:\grphics project\Igraphics readymade for VS2008_2010\Igraphics\Debug\link.5324-cvtres.write.1.tlog
J:\grphics project\Igraphics readymade for VS2008_2010\Igraphics\Debug\link.command.1.tlog
J:\grphics project\Igraphics readymade for VS2008_2010\Igraphics\Debug\link.read.1.tlog
J:\grphics project\Igraphics readymade for VS2008_2010\Igraphics\Debug\link.write.1.tlog
J:\grphics project\Igraphics readymade for VS2008_2010\Igraphics\Debug\link-cvtres.read.1.tlog
J:\grphics project\Igraphics readymade for VS2008_2010\Igraphics\Debug\link-cvtres.write.1.tlog
J:\grphics project\Igraphics readymade for VS2008_2010\Igraphics\Debug\mt.command.1.tlog
J:\grphics project\Igraphics readymade for VS2008_2010\Igraphics\Debug\mt.read.1.tlog
J:\grphics project\Igraphics readymade for VS2008_2010\Igraphics\Debug\mt.write.1.tlog
J:\grphics project\Igraphics readymade for VS2008_2010\Igraphics\Debug\rc.command.1.tlog
J:\grphics project\Igraphics readymade for VS2008_2010\Igraphics\Debug\rc.read.1.tlog
J:\grphics project\Igraphics readymade for VS2008_2010\Igraphics\Debug\rc.write.1.tlog
J:\grphics project\Igraphics readymade for VS2008_2010\Igraphics\Debug\vc100.idb
J:\GRPHICS PROJECT\IGRAPHICS READYMADE FOR VS2008_2010\IGRAPHICS\DEBUG\VC100.PDB
J:\GRPHICS PROJECT\IGRAPHICS READYMADE FOR VS2008_2010\IGRAPHICS\DEBUG\WATCH.OBJ
