Build started 31-Mar-14 8:11:50 AM.
     1>Project "J:\programme\c++\term\my graphics project\Igraphics\Igraphics.vcxproj" on node 2 (build target(s)).
     1>InitializeBuildStatus:
         Touching "Debug\Igraphics.unsuccessfulbuild".
       ClCompile:
         C:\Program Files (x86)\Microsoft Visual Studio 10.0\VC\bin\CL.exe /c /I"Igraphics_08.02.2014\GL Files\include" /ZI /nologo /W3 /WX- /Od /Oy- /D WIN32 /D _DEBUG /D _CONSOLE /D _MBCS /Gm /EHsc /RTC1 /MDd /GS /fp:precise /Zc:wchar_t /Zc:forScope /Fo"Debug\\" /Fd"Debug\vc100.pdb" /Gd /TP /analyze- /errorReport:prompt "Igraphics_08.02.2014\Source Files\iMain.cpp"
         iMain.cpp
     1>j:\programme\c++\term\my graphics project\igraphics\igraphics_08.02.2014\source files\imain.cpp(82): warning C4996: 'itoa': The POSIX name for this item is deprecated. Instead, use the ISO C++ conformant name: _itoa. See online help for details.
                 c:\program files (x86)\microsoft visual studio 10.0\vc\include\stdlib.h(867) : see declaration of 'itoa'
     1>j:\programme\c++\term\my graphics project\igraphics\igraphics_08.02.2014\source files\imain.cpp(133): warning C4101: 'i' : unreferenced local variable
     1>j:\programme\c++\term\my graphics project\igraphics\igraphics_08.02.2014\source files\imain.cpp(186): warning C4101: 'i' : unreferenced local variable
     1>j:\programme\c++\term\my graphics project\igraphics\igraphics_08.02.2014\source files\imain.cpp(225): warning C4101: 'i' : unreferenced local variable
     1>j:\programme\c++\term\my graphics project\igraphics\igraphics_08.02.2014\source files\imain.cpp(385): warning C4996: 'itoa': The POSIX name for this item is deprecated. Instead, use the ISO C++ conformant name: _itoa. See online help for details.
                 c:\program files (x86)\microsoft visual studio 10.0\vc\include\stdlib.h(867) : see declaration of 'itoa'
     1>j:\programme\c++\term\my graphics project\igraphics\igraphics_08.02.2014\source files\imain.cpp(390): warning C4996: 'itoa': The POSIX name for this item is deprecated. Instead, use the ISO C++ conformant name: _itoa. See online help for details.
                 c:\program files (x86)\microsoft visual studio 10.0\vc\include\stdlib.h(867) : see declaration of 'itoa'
     1>j:\programme\c++\term\my graphics project\igraphics\igraphics_08.02.2014\source files\imain.cpp(515): warning C4101: 'temp' : unreferenced local variable
     1>j:\programme\c++\term\my graphics project\igraphics\igraphics_08.02.2014\source files\imain.cpp(567): warning C4996: 'itoa': The POSIX name for this item is deprecated. Instead, use the ISO C++ conformant name: _itoa. See online help for details.
                 c:\program files (x86)\microsoft visual studio 10.0\vc\include\stdlib.h(867) : see declaration of 'itoa'
     1>j:\programme\c++\term\my graphics project\igraphics\igraphics_08.02.2014\source files\imain.cpp(571): warning C4996: 'itoa': The POSIX name for this item is deprecated. Instead, use the ISO C++ conformant name: _itoa. See online help for details.
                 c:\program files (x86)\microsoft visual studio 10.0\vc\include\stdlib.h(867) : see declaration of 'itoa'
     1>j:\programme\c++\term\my graphics project\igraphics\igraphics_08.02.2014\source files\imain.cpp(684): warning C4996: 'itoa': The POSIX name for this item is deprecated. Instead, use the ISO C++ conformant name: _itoa. See online help for details.
                 c:\program files (x86)\microsoft visual studio 10.0\vc\include\stdlib.h(867) : see declaration of 'itoa'
     1>j:\programme\c++\term\my graphics project\igraphics\igraphics_08.02.2014\source files\imain.cpp(695): warning C4996: 'itoa': The POSIX name for this item is deprecated. Instead, use the ISO C++ conformant name: _itoa. See online help for details.
                 c:\program files (x86)\microsoft visual studio 10.0\vc\include\stdlib.h(867) : see declaration of 'itoa'
     1>j:\programme\c++\term\my graphics project\igraphics\igraphics_08.02.2014\source files\imain.cpp(784): warning C4018: '<' : signed/unsigned mismatch
     1>j:\programme\c++\term\my graphics project\igraphics\igraphics_08.02.2014\source files\imain.cpp(181): warning C4715: 'clickmenustepone' : not all control paths return a value
     1>j:\programme\c++\term\my graphics project\igraphics\igraphics_08.02.2014\source files\imain.cpp(218): warning C4715: 'clickmenustepthree' : not all control paths return a value
     1>j:\programme\c++\term\my graphics project\igraphics\igraphics_08.02.2014\source files\imain.cpp(255): warning C4715: 'clickmenusteptwo' : not all control paths return a value
     1>j:\programme\c++\term\my graphics project\igraphics\igraphics_08.02.2014\source files\imain.cpp(305): warning C4715: 'clickcatagory' : not all control paths return a value
       ManifestResourceCompile:
         All outputs are up-to-date.
       Link:
         C:\Program Files (x86)\Microsoft Visual Studio 10.0\VC\bin\link.exe /ERRORREPORT:PROMPT /OUT:"J:\programme\c++\term\my graphics project\Igraphics\Debug\Igraphics.exe" /INCREMENTAL /NOLOGO /LIBPATH:"Igraphics_08.02.2014\GL Files\lib" kernel32.lib user32.lib gdi32.lib winspool.lib comdlg32.lib advapi32.lib shell32.lib ole32.lib oleaut32.lib uuid.lib odbc32.lib odbccp32.lib /MANIFEST /ManifestFile:"Debug\Igraphics.exe.intermediate.manifest" /MANIFESTUAC:"level='asInvoker' uiAccess='false'" /DEBUG /PDB:"J:\programme\c++\term\my graphics project\Igraphics\Debug\Igraphics.pdb" /SUBSYSTEM:CONSOLE /TLBID:1 /DYNAMICBASE /NXCOMPAT /IMPLIB:"J:\programme\c++\term\my graphics project\Igraphics\Debug\Igraphics.lib" /MACHINE:X86 Debug\Igraphics.exe.embed.manifest.res
         Debug\iMain.obj
       Manifest:
         C:\Program Files (x86)\Microsoft SDKs\Windows\v7.0A\bin\mt.exe /nologo /verbose /out:"Debug\Igraphics.exe.embed.manifest" /manifest Debug\Igraphics.exe.intermediate.manifest
         All outputs are up-to-date.
       LinkEmbedManifest:
         All outputs are up-to-date.
         Igraphics.vcxproj -> J:\programme\c++\term\my graphics project\Igraphics\Debug\Igraphics.exe
       FinalizeBuildStatus:
         Deleting file "Debug\Igraphics.unsuccessfulbuild".
         Touching "Debug\Igraphics.lastbuildstate".
     1>Done Building Project "J:\programme\c++\term\my graphics project\Igraphics\Igraphics.vcxproj" (build target(s)).

Build succeeded.

Time Elapsed 00:00:01.46
